###############################################################################
#                                                                             #
# IAR C/C++ Compiler V8.10.3.10338/W32 for 8051         15/Oct/2018  15:40:31 #
# Copyright 2004-2011 IAR Systems AB.                                         #
#                                                                             #
#    Core               =  plain                                              #
#    Code model         =  banked                                             #
#    Data model         =  large                                              #
#    Calling convention =  xdata reentrant                                    #
#    Constant location  =  data_rom                                           #
#    Dptr setup         =  1,16                                               #
#    Source file        =  C:\Users\Administrator\Desktop\Location\ROUTER\Pro #
#                          jects\zstack\Samples\SampleApp\Source\SampleApp.c  #
#    Command line       =  -f C:\Users\Administrator\Desktop\Location\ROUTER\ #
#                          Projects\zstack\Samples\SampleApp\CC2530DB\..\..\. #
#                          .\Tools\CC2530DB\f8wCoord.cfg (-DCPU32MHZ          #
#                          -DROOT=__near_func -DMAC_CFG_APP_PENDING_QUEUE=TRU #
#                          E -DZDO_COORDINATOR -DRTR_NWK -DBLINK_LEDS) -f     #
#                          C:\Users\Administrator\Desktop\Location\ROUTER\Pro #
#                          jects\zstack\Samples\SampleApp\CC2530DB\..\..\..\T #
#                          ools\CC2530DB\f8wConfig.cfg (-DSECURE=0            #
#                          -DZG_SECURE_DYNAMIC=0 -DREFLECTOR                  #
#                          -DDEFAULT_CHANLIST=0x00000800                      #
#                          -DZDAPP_CONFIG_PAN_ID=0xFFFF                       #
#                          -DNWK_START_DELAY=100 -DEXTENDED_JOINING_RANDOM_MA #
#                          SK=0x007F -DBEACON_REQUEST_DELAY=100               #
#                          -DBEACON_REQ_DELAY_MASK=0x00FF                     #
#                          -DROUTE_EXPIRY_TIME=30 -DAPSC_ACK_WAIT_DURATION_PO #
#                          LLED=3000 -DNWK_INDIRECT_MSG_TIMEOUT=7             #
#                          -DMAX_RREQ_ENTRIES=8 -DAPSC_MAX_FRAME_RETRIES=3    #
#                          -DNWK_MAX_DATA_RETRIES=2                           #
#                          -DMAX_POLL_FAILURE_RETRIES=2 -DMAX_BCAST=9         #
#                          -DAPS_MAX_GROUPS=16 -DMAX_RTG_ENTRIES=40           #
#                          -DNWK_MAX_BINDING_ENTRIES=4                        #
#                          -DMAX_BINDING_CLUSTER_IDS=4 "-DDEFAULT_KEY={0x01,  #
#                          0x03, 0x05, 0x07, 0x09, 0x0B, 0x0D, 0x0F, 0x00,    #
#                          0x02, 0x04, 0x06, 0x08, 0x0A, 0x0C, 0x0D}"         #
#                          -DMAC_MAX_FRAME_SIZE=116 "-DCONST=const __code"    #
#                          -DGENERIC=__generic -DRFD_RCVC_ALWAYS_ON=FALSE     #
#                          -DPOLL_RATE=1000 -DQUEUED_POLL_RATE=100            #
#                          -DRESPONSE_POLL_RATE=100) -DREJOIN_POLL_RATE=440   #
#                          C:\Users\Administrator\Desktop\Location\ROUTER\Pro #
#                          jects\zstack\Samples\SampleApp\Source\SampleApp.c  #
#                          -D ZTOOL_P1 -D MT_TASK -D MT_SYS_FUNC -D           #
#                          MT_ZDO_FUNC -D LCD_SUPPORTED=DEBUG -lC             #
#                          C:\Users\Administrator\Desktop\Location\ROUTER\Pro #
#                          jects\zstack\Samples\SampleApp\CC2530DB\Coordinato #
#                          rEB\List\ -lA C:\Users\Administrator\Desktop\Locat #
#                          ion\ROUTER\Projects\zstack\Samples\SampleApp\CC253 #
#                          0DB\CoordinatorEB\List\ --diag_suppress            #
#                          Pe001,Pa010 -o C:\Users\Administrator\Desktop\Loca #
#                          tion\ROUTER\Projects\zstack\Samples\SampleApp\CC25 #
#                          30DB\CoordinatorEB\Obj\ -e --debug --core=plain    #
#                          --dptr=16,1 --data_model=large                     #
#                          --code_model=banked --calling_convention=xdata_ree #
#                          ntrant --place_constants=data_rom                  #
#                          --nr_virtual_regs 16 -I C:\Users\Administrator\Des #
#                          ktop\Location\ROUTER\Projects\zstack\Samples\Sampl #
#                          eApp\CC2530DB\ -I C:\Users\Administrator\Desktop\L #
#                          ocation\ROUTER\Projects\zstack\Samples\SampleApp\C #
#                          C2530DB\..\SOURCE\ -I C:\Users\Administrator\Deskt #
#                          op\Location\ROUTER\Projects\zstack\Samples\SampleA #
#                          pp\CC2530DB\..\..\..\ZMAIN\TI2530DB\ -I            #
#                          C:\Users\Administrator\Desktop\Location\ROUTER\Pro #
#                          jects\zstack\Samples\SampleApp\CC2530DB\..\..\..\. #
#                          .\..\COMPONENTS\MT\ -I C:\Users\Administrator\Desk #
#                          top\Location\ROUTER\Projects\zstack\Samples\Sample #
#                          App\CC2530DB\..\..\..\..\..\COMPONENTS\HAL\INCLUDE #
#                          \ -I C:\Users\Administrator\Desktop\Location\ROUTE #
#                          R\Projects\zstack\Samples\SampleApp\CC2530DB\..\.. #
#                          \..\..\..\COMPONENTS\HAL\TARGET\CC2530EB\ -I       #
#                          C:\Users\Administrator\Desktop\Location\ROUTER\Pro #
#                          jects\zstack\Samples\SampleApp\CC2530DB\..\..\..\. #
#                          .\..\COMPONENTS\OSAL\MCU\CCSOC\ -I                 #
#                          C:\Users\Administrator\Desktop\Location\ROUTER\Pro #
#                          jects\zstack\Samples\SampleApp\CC2530DB\..\..\..\. #
#                          .\..\COMPONENTS\OSAL\INCLUDE\ -I                   #
#                          C:\Users\Administrator\Desktop\Location\ROUTER\Pro #
#                          jects\zstack\Samples\SampleApp\CC2530DB\..\..\..\. #
#                          .\..\COMPONENTS\STACK\AF\ -I                       #
#                          C:\Users\Administrator\Desktop\Location\ROUTER\Pro #
#                          jects\zstack\Samples\SampleApp\CC2530DB\..\..\..\. #
#                          .\..\COMPONENTS\STACK\NWK\ -I                      #
#                          C:\Users\Administrator\Desktop\Location\ROUTER\Pro #
#                          jects\zstack\Samples\SampleApp\CC2530DB\..\..\..\. #
#                          .\..\COMPONENTS\STACK\SEC\ -I                      #
#                          C:\Users\Administrator\Desktop\Location\ROUTER\Pro #
#                          jects\zstack\Samples\SampleApp\CC2530DB\..\..\..\. #
#                          .\..\COMPONENTS\STACK\SAPI\ -I                     #
#                          C:\Users\Administrator\Desktop\Location\ROUTER\Pro #
#                          jects\zstack\Samples\SampleApp\CC2530DB\..\..\..\. #
#                          .\..\COMPONENTS\STACK\SYS\ -I                      #
#                          C:\Users\Administrator\Desktop\Location\ROUTER\Pro #
#                          jects\zstack\Samples\SampleApp\CC2530DB\..\..\..\. #
#                          .\..\COMPONENTS\STACK\ZDO\ -I                      #
#                          C:\Users\Administrator\Desktop\Location\ROUTER\Pro #
#                          jects\zstack\Samples\SampleApp\CC2530DB\..\..\..\. #
#                          .\..\COMPONENTS\ZMAC\F8W\ -I                       #
#                          C:\Users\Administrator\Desktop\Location\ROUTER\Pro #
#                          jects\zstack\Samples\SampleApp\CC2530DB\..\..\..\. #
#                          .\..\COMPONENTS\ZMAC\ -I                           #
#                          C:\Users\Administrator\Desktop\Location\ROUTER\Pro #
#                          jects\zstack\Samples\SampleApp\CC2530DB\..\..\..\. #
#                          .\..\COMPONENTS\SERVICES\SADDR\ -I                 #
#                          C:\Users\Administrator\Desktop\Location\ROUTER\Pro #
#                          jects\zstack\Samples\SampleApp\CC2530DB\..\..\..\. #
#                          .\..\COMPONENTS\SERVICES\SDATA\ -I                 #
#                          C:\Users\Administrator\Desktop\Location\ROUTER\Pro #
#                          jects\zstack\Samples\SampleApp\CC2530DB\..\..\..\. #
#                          .\..\COMPONENTS\MAC\INCLUDE\ -I                    #
#                          C:\Users\Administrator\Desktop\Location\ROUTER\Pro #
#                          jects\zstack\Samples\SampleApp\CC2530DB\..\..\..\. #
#                          .\..\COMPONENTS\MAC\HIGH_LEVEL\ -I                 #
#                          C:\Users\Administrator\Desktop\Location\ROUTER\Pro #
#                          jects\zstack\Samples\SampleApp\CC2530DB\..\..\..\. #
#                          .\..\COMPONENTS\MAC\LOW_LEVEL\srf04\ -I            #
#                          C:\Users\Administrator\Desktop\Location\ROUTER\Pro #
#                          jects\zstack\Samples\SampleApp\CC2530DB\..\..\..\. #
#                          .\..\COMPONENTS\MAC\LOW_LEVEL\srf04\SINGLE_CHIP\   #
#                          -Ohz --require_prototypes                          #
#    List file          =  C:\Users\Administrator\Desktop\Location\ROUTER\Pro #
#                          jects\zstack\Samples\SampleApp\CC2530DB\Coordinato #
#                          rEB\List\SampleApp.lst                             #
#    Object file        =  C:\Users\Administrator\Desktop\Location\ROUTER\Pro #
#                          jects\zstack\Samples\SampleApp\CC2530DB\Coordinato #
#                          rEB\Obj\SampleApp.r51                              #
#                                                                             #
#                                                                             #
###############################################################################

C:\Users\Administrator\Desktop\Location\ROUTER\Projects\zstack\Samples\SampleApp\Source\SampleApp.c
      1          /**************************************************************************************************
      2          Filename:       SampleApp.c
      3          Revised:        $Date: 2009-03-18 15:56:27 -0700 (Wed, 18 Mar 2009) $
      4          Revision:       $Revision: 19453 $
      5          
      6          Description:    Sample Application (no Profile).
      7          
      8          
      9          Copyright 2007 Texas Instruments Incorporated. All rights reserved.
     10          
     11          IMPORTANT: Your use of this Software is limited to those specific rights
     12          granted under the terms of a software license agreement between the user
     13          who downloaded the software, his/her employer (which must be your employer)
     14          and Texas Instruments Incorporated (the "License").  You may not use this
     15          Software unless you agree to abide by the terms of the License. The License
     16          limits your use, and you acknowledge, that the Software may not be modified,
     17          copied or distributed unless embedded on a Texas Instruments microcontroller
     18          or used solely and exclusively in conjunction with a Texas Instruments radio
     19          frequency transceiver, which is integrated into your product.  Other than for
     20          the foregoing purpose, you may not use, reproduce, copy, prepare derivative
     21          works of, modify, distribute, perform, display or sell this Software and/or
     22          its documentation for any purpose.
     23          
     24          YOU FURTHER ACKNOWLEDGE AND AGREE THAT THE SOFTWARE AND DOCUMENTATION ARE
     25          PROVIDED AS IS?WITHOUT WARRANTY OF ANY KIND, EITHER EXPRESS OR IMPLIED,
     26          INCLUDING WITHOUT LIMITATION, ANY WARRANTY OF MERCHANTABILITY, TITLE,
     27          NON-INFRINGEMENT AND FITNESS FOR A PARTICULAR PURPOSE. IN NO EVENT SHALL
     28          TEXAS INSTRUMENTS OR ITS LICENSORS BE LIABLE OR OBLIGATED UNDER CONTRACT,
     29          NEGLIGENCE, STRICT LIABILITY, CONTRIBUTION, BREACH OF WARRANTY, OR OTHER
     30          LEGAL EQUITABLE THEORY ANY DIRECT OR INDIRECT DAMAGES OR EXPENSES
     31          INCLUDING BUT NOT LIMITED TO ANY INCIDENTAL, SPECIAL, INDIRECT, PUNITIVE
     32          OR CONSEQUENTIAL DAMAGES, LOST PROFITS OR LOST DATA, COST OF PROCUREMENT
     33          OF SUBSTITUTE GOODS, TECHNOLOGY, SERVICES, OR ANY CLAIMS BY THIRD PARTIES
     34          (INCLUDING BUT NOT LIMITED TO ANY DEFENSE THEREOF), OR OTHER SIMILAR COSTS.
     35          
     36          Should you have any questions regarding your right to use this Software,
     37          contact Texas Instruments Incorporated at www.TI.com.
     38          **************************************************************************************************/
     39          
     40          /*********************************************************************
     41          This application isn't intended to do anything useful, it is
     42          intended to be a simple example of an application's structure.
     43          
     44          This application sends it's messages either as broadcast or
     45          broadcast filtered group messages.  The other (more normal)
     46          message addressing is unicast.  Most of the other sample
     47          applications are written to support the unicast message model.
     48          
     49          Key control:
     50          SW1:  Sends a flash command to all devices in Group 1.
     51          SW2:  Adds/Removes (toggles) this device in and out
     52          of Group 1.  This will enable and disable the
     53          reception of the flash command.
     54          *********************************************************************/
     55          
     56          /*********************************************************************
     57          * INCLUDES
     58          */
     59          #include "OSAL.h"
     60          #include "ZGlobals.h"
     61          #include "AF.h"
     62          #include "aps_groups.h"
     63          #include "ZDApp.h"
     64          
     65          #include "SampleApp.h"
     66          #include "SampleAppHw.h"
     67          
     68          #include "OnBoard.h"
     69          
     70          /* HAL */
     71          #include "hal_lcd.h"
     72          #include "hal_led.h"
     73          #include "hal_key.h"
     74          #include "MT_UART.h"
     75          #include "MT_APP.h"
     76          #include "MT.h"
     77          #include "ds18b20.h"
     78          
     79          
     80          /* user define*/
     81          #include "string.h"
     82          #include "stdlib.h"
     83          
     84          /*********************************************************************
     85          * MACROS
     86          */
     87          
     88          /*********************************************************************
     89          * CONSTANTS
     90          */
     91          
     92          /*********************************************************************
     93          * TYPEDEFS
     94          */
     95          
     96          /*********************************************************************
     97          * GLOBAL VARIABLES全局变量定义
     98          */
     99          //串口
    100          #define MY_DEFINI_UART_PORT 0 
    101          #ifndef RX_MAX_LENGTH
    102          #define RX_MAX_LENGTH 20
    103          #endif

   \                                 In  segment XDATA_Z, align 1, keep-with-next
    104          uint8 RX_BUFFER[RX_MAX_LENGTH];
   \                     RX_BUFFER:
   \   000000                DS 20
   \   000014                REQUIRE __INIT_XDATA_Z

   \                                 In  segment XDATA_Z, align 1, keep-with-next
    105          uint8 RX_Length;
   \                     RX_Length:
   \   000000                DS 1
   \   000001                REQUIRE __INIT_XDATA_Z
    106          void UART_CallBackFunction(uint8 port, uint8 event);//当串口有数据到来时，调用此函数
    107          
    108          
    109          
    110          
    111          // This list should be filled with Application specific Cluster IDs.

   \                                 In  segment XDATA_ROM_C, align 1
    112          const cId_t SampleApp_ClusterList[SAMPLEAPP_MAX_CLUSTERS] =
   \                     SampleApp_ClusterList:
   \   000000   0100         DW 1
   \   000002   0200         DW 2
    113          {
    114            SAMPLEAPP_PERIODIC_CLUSTERID,
    115            SAMPLEAPP_FLASH_CLUSTERID
    116          };
    117          

   \                                 In  segment XDATA_ROM_C, align 1
    118          const SimpleDescriptionFormat_t SampleApp_SimpleDesc =
   \                     SampleApp_SimpleDesc:
   \   000000   14           DB 20
   \   000001   080F         DW 3848
   \   000003   0100         DW 1
   \   000005   00           DB 0
   \   000006   02           DB 2
   \   000007   ....         DW SampleApp_ClusterList
   \   000009   02           DB 2
   \   00000A   ....         DW SampleApp_ClusterList
    119          {
    120            SAMPLEAPP_ENDPOINT,              //  int Endpoint;
    121            SAMPLEAPP_PROFID,                //  uint16 AppProfId[2];
    122            SAMPLEAPP_DEVICEID,              //  uint16 AppDeviceId[2];
    123            SAMPLEAPP_DEVICE_VERSION,        //  int   AppDevVer:4;
    124            SAMPLEAPP_FLAGS,                 //  int   AppFlags:4;
    125            SAMPLEAPP_MAX_CLUSTERS,          //  uint8  AppNumInClusters;
    126            (cId_t *)SampleApp_ClusterList,  //  uint8 *pAppInClusterList;
    127            SAMPLEAPP_MAX_CLUSTERS,          //  uint8  AppNumInClusters;
    128            (cId_t *)SampleApp_ClusterList   //  uint8 *pAppInClusterList;
    129          };
    130          
    131          // This is the Endpoint/Interface description.  It is defined here, but
    132          // filled-in in SampleApp_Init().  Another way to go would be to fill
    133          // in the structure here and make it a "const" (in code space).  The
    134          // way it's defined in this sample app it is define in RAM.

   \                                 In  segment XDATA_Z, align 1, keep-with-next
    135          endPointDesc_t SampleApp_epDesc;
   \                     SampleApp_epDesc:
   \   000000                DS 6
   \   000006                REQUIRE __INIT_XDATA_Z
    136          
    137          /*********************************************************************
    138          * EXTERNAL VARIABLES
    139          */
    140          
    141          /*********************************************************************
    142          * EXTERNAL FUNCTIONS
    143          */
    144          
    145          /*********************************************************************
    146          * LOCAL VARIABLES
    147          */

   \                                 In  segment XDATA_Z, align 1, keep-with-next
    148          uint8 SampleApp_TaskID;   // Task ID for internal task/event processing
   \                     SampleApp_TaskID:
   \   000000                DS 1
   \   000001                REQUIRE __INIT_XDATA_Z
    149          // This variable will be received when
    150          // SampleApp_Init() is called.

   \                                 In  segment XDATA_Z, align 1, keep-with-next
    151          devStates_t SampleApp_NwkState;
   \                     SampleApp_NwkState:
   \   000000                DS 1
   \   000001                REQUIRE __INIT_XDATA_Z
    152          

   \                                 In  segment XDATA_Z, align 1, keep-with-next
    153          uint8 SampleApp_TransID;  // This is the unique message ID (counter)
   \                     SampleApp_TransID:
   \   000000                DS 1
   \   000001                REQUIRE __INIT_XDATA_Z
    154          

   \                                 In  segment XDATA_Z, align 1, keep-with-next
    155          afAddrType_t SampleApp_Periodic_DstAddr;
   \                     SampleApp_Periodic_DstAddr:
   \   000000                DS 12
   \   00000C                REQUIRE __INIT_XDATA_Z

   \                                 In  segment XDATA_Z, align 1, keep-with-next
    156          afAddrType_t SampleApp_Flash_DstAddr;
   \                     SampleApp_Flash_DstAddr:
   \   000000                DS 12
   \   00000C                REQUIRE __INIT_XDATA_Z

   \                                 In  segment XDATA_Z, align 1, keep-with-next
    157          afAddrType_t SampleApp_p2p_DstAddr;//点播地址
   \                     SampleApp_p2p_DstAddr:
   \   000000                DS 12
   \   00000C                REQUIRE __INIT_XDATA_Z
    158          

   \                                 In  segment XDATA_Z, align 1, keep-with-next
    159          aps_Group_t SampleApp_Group;
   \                     SampleApp_Group:
   \   000000                DS 18
   \   000012                REQUIRE __INIT_XDATA_Z
    160          

   \                                 In  segment XDATA_Z, align 1, keep-with-next
    161          uint8 SampleAppPeriodicCounter = 0;
   \                     SampleAppPeriodicCounter:
   \   000000                DS 1
   \   000001                REQUIRE __INIT_XDATA_Z

   \                                 In  segment XDATA_Z, align 1, keep-with-next
    162          uint8 SampleAppFlashCounter = 0;
   \                     SampleAppFlashCounter:
   \   000000                DS 1
   \   000001                REQUIRE __INIT_XDATA_Z
    163          //锚节点与协调器之间的数据传输使用

   \                                 In  segment XDATA_Z, align 1, keep-with-next
    164          uint8 rssi_val[10];
   \                     rssi_val:
   \   000000                DS 10
   \   00000A                REQUIRE __INIT_XDATA_Z

   \                                 In  segment XDATA_Z, align 1, keep-with-next
    165          uint8 rssi_index = 0; 
   \                     rssi_index:
   \   000000                DS 1
   \   000001                REQUIRE __INIT_XDATA_Z

   \                                 In  segment XDATA_Z, align 1, keep-with-next
    166          uint8 rssi_s[3] = {'\0'};
   \                     rssi_s:
   \   000000                DS 3
   \   000003                REQUIRE __INIT_XDATA_Z
    167          //发送给协调器的数据
    168          
    169          /*********************************************************************
    170          * LOCAL FUNCTIONS
    171          */
    172          void SampleApp_HandleKeys( uint8 shift, uint8 keys );
    173          void SampleApp_MessageMSGCB( afIncomingMSGPacket_t *pckt );
    174          
    175          
    176          void SampleApp_P2P_SendMessage(void);
    177          void SamplaAPP_ProcessBlindData( afIncomingMSGPacket_t *pkt);//参考节点处理接收到的锚节点的数据
    178          
    179          /*********************************************************************
    180          * NETWORK LAYER CALLBACKS
    181          */
    182          
    183          /*********************************************************************
    184          * PUBLIC FUNCTIONS
    185          */
    186          
    187          /*********************************************************************
    188          * @fn      SampleApp_Init
    189          *
    190          * @brief   Initialization function for the Generic App Task.
    191          *          This is called during initialization and should contain
    192          *          any application specific initialization (ie. hardware
    193          *          initialization/setup, table initialization, power up
    194          *          notificaiton ... ).
    195          *
    196          * @param   task_id - the ID assigned by OSAL.  This ID should be
    197          *                    used to send messages and set timers.
    198          *
    199          * @return  none
    200          */

   \                                 In  segment BANKED_CODE, align 1, keep-with-next
    201          void SampleApp_Init( uint8 task_id )
   \                     SampleApp_Init:
    202          {
   \   000000   74F5         MOV     A,#-0xb
   \   000002   12....       LCALL   ?BANKED_ENTER_XDATA
   \   000005                ; Saved register size: 11
   \   000005                ; Auto size: 29
   \   000005   74E3         MOV     A,#-0x1d
   \   000007   12....       LCALL   ?ALLOC_XSTACK8
   \   00000A   E9           MOV     A,R1
    203            SampleApp_TaskID = task_id;
   \   00000B   90....       MOV     DPTR,#SampleApp_TaskID
   \   00000E   F0           MOVX    @DPTR,A
    204            SampleApp_NwkState = DEV_INIT;
   \   00000F   90....       MOV     DPTR,#SampleApp_NwkState
   \   000012   7401         MOV     A,#0x1
   \   000014   F0           MOVX    @DPTR,A
    205            SampleApp_TransID = 0;
   \   000015   90....       MOV     DPTR,#SampleApp_TransID
   \   000018   E4           CLR     A
   \   000019   F0           MOVX    @DPTR,A
    206            halUARTCfg_t uartConfig;//初始化串口使用
    207            
    208            // Device hardware initialization can be added here or in main() (Zmain.c).
    209            // If the hardware is application specific - add it here.
    210            // If the hardware is other parts of the device add it in main().
    211            
    212          #if defined ( BUILD_ALL_DEVICES )
    213            // The "Demo" target is setup to have BUILD_ALL_DEVICES and HOLD_AUTO_START
    214            // We are looking at a jumper (defined in SampleAppHw.c) to be jumpered
    215            // together - if they are - we will start up a coordinator. Otherwise,
    216            // the device will start as a router.
    217            if ( readCoordinatorJumper() )
    218              zgDeviceLogicalType = ZG_DEVICETYPE_COORDINATOR;
    219            else
    220              zgDeviceLogicalType = ZG_DEVICETYPE_ROUTER;
    221          #endif // BUILD_ALL_DEVICES
    222            
    223          #if defined ( HOLD_AUTO_START )
    224            // HOLD_AUTO_START is a compile option that will surpress ZDApp
    225            //  from starting the device and wait for the application to
    226            //  start the device.
    227            ZDOInitDevice(0);
    228          #endif
    229            
    230            // Setup for the periodic message's destination address
    231            // Broadcast to everyone，
    232            //在定位实验中，盲节点应该使用广播形式，让参考节点能够均能接收到数据
    233            /*
    234            SampleApp_Periodic_DstAddr.addrMode = (afAddrMode_t)AddrBroadcast;
    235            SampleApp_Periodic_DstAddr.endPoint = SAMPLEAPP_ENDPOINT;
    236            SampleApp_Periodic_DstAddr.addr.shortAddr = 0xFFFF;
    237            
    238            */ 
    239            //组播形式的初期设想应该是每层作为一个组使用。本次测试实验，忽略
    240            // Setup for the flash command's destination address - Group 1
    241            /*
    242            SampleApp_Flash_DstAddr.addrMode = (afAddrMode_t)afAddrGroup;
    243            SampleApp_Flash_DstAddr.endPoint = SAMPLEAPP_ENDPOINT;
    244            SampleApp_Flash_DstAddr.addr.shortAddr = SAMPLEAPP_FLASH_GROUP;
    245            */
    246            
    247            // 点播设置。定位时，参考节点与协调器之间的通讯是应该是点播，从而让协调器能够分类
    248            
    249            SampleApp_p2p_DstAddr.addrMode = (afAddrMode_t)Addr16Bit;
   \   00001A   90....       MOV     DPTR,#SampleApp_p2p_DstAddr + 8
   \   00001D   7402         MOV     A,#0x2
   \   00001F   F0           MOVX    @DPTR,A
    250            SampleApp_p2p_DstAddr.endPoint = SAMPLEAPP_ENDPOINT;
   \   000020   A3           INC     DPTR
   \   000021   7414         MOV     A,#0x14
   \   000023   F0           MOVX    @DPTR,A
    251            SampleApp_p2p_DstAddr.addr.shortAddr = 0x0000;//发送信息给协调器
   \   000024   90....       MOV     DPTR,#SampleApp_p2p_DstAddr
   \   000027   E4           CLR     A
   \   000028   F0           MOVX    @DPTR,A
   \   000029   A3           INC     DPTR
   \   00002A   F0           MOVX    @DPTR,A
    252            
    253            
    254            // Fill out the endpoint description.
    255            SampleApp_epDesc.endPoint = SAMPLEAPP_ENDPOINT;
   \   00002B   90....       MOV     DPTR,#SampleApp_epDesc
   \   00002E   7414         MOV     A,#0x14
   \   000030   F0           MOVX    @DPTR,A
    256            SampleApp_epDesc.task_id = &SampleApp_TaskID;
   \   000031   A3           INC     DPTR
   \   000032   74..         MOV     A,#SampleApp_TaskID & 0xff
   \   000034   F0           MOVX    @DPTR,A
   \   000035   A3           INC     DPTR
   \   000036   74..         MOV     A,#(SampleApp_TaskID >> 8) & 0xff
   \   000038   F0           MOVX    @DPTR,A
    257            SampleApp_epDesc.simpleDesc
    258              = (SimpleDescriptionFormat_t *)&SampleApp_SimpleDesc;
   \   000039   A3           INC     DPTR
   \   00003A   74..         MOV     A,#SampleApp_SimpleDesc & 0xff
   \   00003C   F0           MOVX    @DPTR,A
   \   00003D   A3           INC     DPTR
   \   00003E   74..         MOV     A,#(SampleApp_SimpleDesc >> 8) & 0xff
   \   000040   F0           MOVX    @DPTR,A
    259            SampleApp_epDesc.latencyReq = noLatencyReqs;
   \   000041   A3           INC     DPTR
   \   000042   E4           CLR     A
   \   000043   F0           MOVX    @DPTR,A
    260            
    261            // Register the endpoint description with the AF
    262            afRegister( &SampleApp_epDesc );
   \   000044                ; Setup parameters for call to function afRegister
   \   000044   7A..         MOV     R2,#SampleApp_epDesc & 0xff
   \   000046   7B..         MOV     R3,#(SampleApp_epDesc >> 8) & 0xff
   \   000048   12....       LCALL   ??afRegister?relay
    263            
    264            // Register for all key events - This app will handle all key events
    265            RegisterForKeys( SampleApp_TaskID );
   \   00004B                ; Setup parameters for call to function RegisterForKeys
   \   00004B   90....       MOV     DPTR,#SampleApp_TaskID
   \   00004E   E0           MOVX    A,@DPTR
   \   00004F   F9           MOV     R1,A
   \   000050   12....       LCALL   ??RegisterForKeys?relay
    266            
    267            // By default, all devices start out in Group 1
    268            //默认情况下，所有设备都是组1，可以对此进行设置，从而时不同的设备进入不同的组
    269            SampleApp_Group.ID = 0x0001;
   \   000053   90....       MOV     DPTR,#SampleApp_Group
   \   000056   7401         MOV     A,#0x1
   \   000058   F0           MOVX    @DPTR,A
   \   000059   A3           INC     DPTR
   \   00005A   E4           CLR     A
   \   00005B   F0           MOVX    @DPTR,A
    270            osal_memcpy( SampleApp_Group.name, "Group 1", 7  );
   \   00005C                ; Setup parameters for call to function osal_memcpy
   \   00005C   75....       MOV     ?V0 + 0,#`?<Constant "Group 1">` & 0xff
   \   00005F   75....       MOV     ?V0 + 1,#(`?<Constant "Group 1">` >> 8) & 0xff
   \   000062   F5..         MOV     ?V0 + 2,A
   \   000064   78..         MOV     R0,#?V0 + 0
   \   000066   12....       LCALL   ?PUSH_XSTACK_I_THREE
   \   000069   7C07         MOV     R4,#0x7
   \   00006B   7D00         MOV     R5,#0x0
   \   00006D   7A..         MOV     R2,#(SampleApp_Group + 2) & 0xff
   \   00006F   7B..         MOV     R3,#((SampleApp_Group + 2) >> 8) & 0xff
   \   000071   12....       LCALL   ??osal_memcpy?relay
   \   000074   7403         MOV     A,#0x3
   \   000076   12....       LCALL   ?DEALLOC_XSTACK8
    271            aps_AddGroup( SAMPLEAPP_ENDPOINT, &SampleApp_Group );
   \   000079                ; Setup parameters for call to function aps_AddGroup
   \   000079   7A..         MOV     R2,#SampleApp_Group & 0xff
   \   00007B   7B..         MOV     R3,#(SampleApp_Group >> 8) & 0xff
   \   00007D   7914         MOV     R1,#0x14
   \   00007F   12....       LCALL   ??aps_AddGroup?relay
    272            
    273            
    274            //串口初始化
    275            uartConfig.configured       = TRUE;
   \   000082   85..82       MOV     DPL,?XSP + 0
   \   000085   85..83       MOV     DPH,?XSP + 1
   \   000088   7401         MOV     A,#0x1
   \   00008A   F0           MOVX    @DPTR,A
    276            uartConfig.baudRate         = HAL_UART_BR_9600;
   \   00008B   12....       LCALL   ?XSTACK_DISP0_8
   \   00008E   E4           CLR     A
   \   00008F   F0           MOVX    @DPTR,A
    277            uartConfig.flowControl      = FALSE;
   \   000090   7402         MOV     A,#0x2
   \   000092   12....       LCALL   ?XSTACK_DISP0_8
   \   000095   E4           CLR     A
   \   000096   F0           MOVX    @DPTR,A
    278            uartConfig.flowControlThreshold = MT_UART_THRESHOLD;//默认使用流控制
   \   000097   7403         MOV     A,#0x3
   \   000099   12....       LCALL   ?XSTACK_DISP0_8
   \   00009C   7440         MOV     A,#0x40
   \   00009E   F0           MOVX    @DPTR,A
   \   00009F   A3           INC     DPTR
   \   0000A0   E4           CLR     A
   \   0000A1   F0           MOVX    @DPTR,A
    279            uartConfig.rx.maxBufSize     = 200;
   \   0000A2   740A         MOV     A,#0xa
   \   0000A4   12....       LCALL   ?XSTACK_DISP0_8
   \   0000A7   74C8         MOV     A,#-0x38
   \   0000A9   F0           MOVX    @DPTR,A
   \   0000AA   A3           INC     DPTR
   \   0000AB   E4           CLR     A
   \   0000AC   F0           MOVX    @DPTR,A
    280            uartConfig.tx.maxBufSize     =200;
   \   0000AD   7412         MOV     A,#0x12
   \   0000AF   12....       LCALL   ?XSTACK_DISP0_8
   \   0000B2   74C8         MOV     A,#-0x38
   \   0000B4   F0           MOVX    @DPTR,A
   \   0000B5   A3           INC     DPTR
   \   0000B6   E4           CLR     A
   \   0000B7   F0           MOVX    @DPTR,A
    281            uartConfig.idleTimeout       = MT_UART_IDLE_TIMEOUT;
   \   0000B8   7405         MOV     A,#0x5
   \   0000BA   12....       LCALL   ?XSTACK_DISP0_8
   \   0000BD   7406         MOV     A,#0x6
   \   0000BF   F0           MOVX    @DPTR,A
    282            uartConfig.intEnable          =TRUE;
   \   0000C0   7416         MOV     A,#0x16
   \   0000C2   12....       LCALL   ?XSTACK_DISP0_8
   \   0000C5   7401         MOV     A,#0x1
   \   0000C7   F0           MOVX    @DPTR,A
    283            uartConfig.callBackFunc       =UART_CallBackFunction;
   \   0000C8   741B         MOV     A,#0x1b
   \   0000CA   12....       LCALL   ?XSTACK_DISP0_8
   \   0000CD   74..         MOV     A,#??UART_CallBackFunction?relay & 0xff
   \   0000CF   F0           MOVX    @DPTR,A
   \   0000D0   A3           INC     DPTR
   \   0000D1   74..         MOV     A,#(??UART_CallBackFunction?relay >> 8) & 0xff
   \   0000D3   F0           MOVX    @DPTR,A
    284            HalUARTOpen(MY_DEFINI_UART_PORT,&uartConfig);//使用自定义的串口初始化变量来开启串口通讯
   \   0000D4                ; Setup parameters for call to function HalUARTOpen
   \   0000D4   85..82       MOV     DPL,?XSP + 0
   \   0000D7   85..83       MOV     DPH,?XSP + 1
   \   0000DA   AA82         MOV     R2,DPL
   \   0000DC   AB83         MOV     R3,DPH
   \   0000DE   7900         MOV     R1,#0x0
   \   0000E0   12....       LCALL   ??HalUARTOpen?relay
    285            
    286          
    287            
    288          //  osal_start_timerEx(SampleApp_TaskID,USER_EVT,500);
    289            
    290            
    291            
    292            
    293            
    294          #if defined ( LCD_SUPPORTED )
    295            HalLcdWriteString( "SampleApp", HAL_LCD_LINE_1 );
   \   0000E3                ; Setup parameters for call to function HalLcdWriteString
   \   0000E3   7901         MOV     R1,#0x1
   \   0000E5   7A..         MOV     R2,#`?<Constant "SampleApp">` & 0xff
   \   0000E7   7B..         MOV     R3,#(`?<Constant "SampleApp">` >> 8) & 0xff
   \   0000E9   12....       LCALL   ??HalLcdWriteString?relay
    296          #endif
    297          }
   \   0000EC   741D         MOV     A,#0x1d
   \   0000EE   12....       LCALL   ?DEALLOC_XSTACK8
   \   0000F1   7F03         MOV     R7,#0x3
   \   0000F3   02....       LJMP    ?BANKED_LEAVE_XDATA
    298          
    299          /*********************************************************************
    300          * @fn      SampleApp_ProcessEvent
    301          *
    302          * @brief   Generic Application Task event processor.  This function
    303          *          is called to process all events for the task.  Events
    304          *          include timers, messages and any other user defined events.
    305          *
    306          * @param   task_id  - The OSAL assigned task ID.
    307          * @param   events - events to process.  This is a bit map and can
    308          *                   contain more than one event.
    309          *
    310          * @return  none
    311          */

   \                                 In  segment BANKED_CODE, align 1, keep-with-next
    312          uint16 SampleApp_ProcessEvent( uint8 task_id, uint16 events )
   \                     SampleApp_ProcessEvent:
    313          {
   \   000000   74F4         MOV     A,#-0xc
   \   000002   12....       LCALL   ?BANKED_ENTER_XDATA
   \   000005                ; Saved register size: 12
   \   000005                ; Auto size: 0
   \   000005   8A..         MOV     ?V0 + 0,R2
   \   000007   8B..         MOV     ?V0 + 1,R3
    314            afIncomingMSGPacket_t *MSGpkt;
    315            (void)task_id;  // Intentionally unreferenced parameter
    316            
    317            if ( events & SYS_EVENT_MSG )
   \   000009   EB           MOV     A,R3
   \   00000A   5480         ANL     A,#0x80
   \   00000C   6073         JZ      ??SampleApp_ProcessEvent_0
    318            {
    319              MSGpkt = (afIncomingMSGPacket_t *)osal_msg_receive( SampleApp_TaskID );
   \   00000E                ; Setup parameters for call to function osal_msg_receive
   \   00000E   8026         SJMP    ??SampleApp_ProcessEvent_1
    320              while ( MSGpkt )
    321              {
    322                switch ( MSGpkt->hdr.event )
    323                {
    324                  // Received when a key is pressed
    325                case KEY_CHANGE:
    326                  SampleApp_HandleKeys( ((keyChange_t *)MSGpkt)->state, ((keyChange_t *)MSGpkt)->keys );
    327                  break;
    328                  
    329                  // Received when a messages is received (OTA) for this endpoint
    330                case AF_INCOMING_MSG_CMD:
    331                  SampleApp_MessageMSGCB( MSGpkt );
    332                  break;
    333                  
    334                  // Received whenever the device changes state in the network
    335                case ZDO_STATE_CHANGE:
    336                  SampleApp_NwkState = (devStates_t)(MSGpkt->hdr.status);
   \                     ??SampleApp_ProcessEvent_2:
   \   000010   A3           INC     DPTR
   \   000011   E0           MOVX    A,@DPTR
   \   000012   90....       MOV     DPTR,#SampleApp_NwkState
   \   000015   F0           MOVX    @DPTR,A
    337                  if (// (SampleApp_NwkState == DEV_ZB_COORD)|| //协调器只负责接收数据，不发送数据
    338                      (SampleApp_NwkState == DEV_ROUTER)
    339                        || (SampleApp_NwkState == DEV_END_DEVICE) )
   \   000016   6407         XRL     A,#0x7
   \   000018   6005         JZ      ??SampleApp_ProcessEvent_3
   \   00001A   E0           MOVX    A,@DPTR
   \   00001B   6406         XRL     A,#0x6
   \   00001D   7010         JNZ     ??SampleApp_ProcessEvent_4
    340                  {
    341                    // Start sending the periodic message in a regular interval.
    342                    osal_start_timerEx( SampleApp_TaskID,
    343                                       SAMPLEAPP_SEND_PERIODIC_MSG_EVT,
    344                                       SAMPLEAPP_SEND_PERIODIC_MSG_TIMEOUT );
   \                     ??SampleApp_ProcessEvent_3:
   \   00001F                ; Setup parameters for call to function osal_start_timerEx
   \   00001F   7CE8         MOV     R4,#-0x18
   \   000021   7D03         MOV     R5,#0x3
   \   000023   7A01         MOV     R2,#0x1
   \   000025   7B00         MOV     R3,#0x0
   \   000027   90....       MOV     DPTR,#SampleApp_TaskID
   \   00002A   E0           MOVX    A,@DPTR
   \   00002B   F9           MOV     R1,A
   \   00002C   12....       LCALL   ??osal_start_timerEx?relay
    345                  }
    346                  else
    347                  {
    348                    // Device is no longer in the network
    349                  }
    350                  break;
    351                  
    352                default:
    353                  break;
    354                }
    355                
    356                // Release the memory
    357                osal_msg_deallocate( (uint8 *)MSGpkt );
   \                     ??SampleApp_ProcessEvent_4:
   \   00002F                ; Setup parameters for call to function osal_msg_deallocate
   \   00002F   EE           MOV     A,R6
   \   000030   FA           MOV     R2,A
   \   000031   EF           MOV     A,R7
   \   000032   FB           MOV     R3,A
   \   000033   12....       LCALL   ??osal_msg_deallocate?relay
    358                
    359                // Next - if one is available
    360                MSGpkt = (afIncomingMSGPacket_t *)osal_msg_receive( SampleApp_TaskID );
   \   000036                ; Setup parameters for call to function osal_msg_receive
   \                     ??SampleApp_ProcessEvent_1:
   \   000036   90....       MOV     DPTR,#SampleApp_TaskID
   \   000039   E0           MOVX    A,@DPTR
   \   00003A   F9           MOV     R1,A
   \   00003B   12....       LCALL   ??osal_msg_receive?relay
   \   00003E   8A..         MOV     ?V0 + 2,R2
   \   000040   8B..         MOV     ?V0 + 3,R3
   \   000042   AE..         MOV     R6,?V0 + 2
   \   000044   AF..         MOV     R7,?V0 + 3
   \   000046   EE           MOV     A,R6
   \   000047   4F           ORL     A,R7
   \   000048   602E         JZ      ??SampleApp_ProcessEvent_5
   \   00004A   8E82         MOV     DPL,R6
   \   00004C   8F83         MOV     DPH,R7
   \   00004E   E0           MOVX    A,@DPTR
   \   00004F   24E6         ADD     A,#-0x1a
   \   000051   601C         JZ      ??SampleApp_ProcessEvent_6
   \   000053   245A         ADD     A,#0x5a
   \   000055   6006         JZ      ??SampleApp_ProcessEvent_7
   \   000057   24EF         ADD     A,#-0x11
   \   000059   60B5         JZ      ??SampleApp_ProcessEvent_2
   \   00005B   80D2         SJMP    ??SampleApp_ProcessEvent_4
   \                     ??SampleApp_ProcessEvent_7:
   \   00005D                ; Setup parameters for call to function SampleApp_HandleKeys
   \   00005D   A3           INC     DPTR
   \   00005E   A3           INC     DPTR
   \   00005F   A3           INC     DPTR
   \   000060   E0           MOVX    A,@DPTR
   \   000061   FA           MOV     R2,A
   \   000062   8E82         MOV     DPL,R6
   \   000064   8F83         MOV     DPH,R7
   \   000066   A3           INC     DPTR
   \   000067   A3           INC     DPTR
   \   000068   E0           MOVX    A,@DPTR
   \   000069   F9           MOV     R1,A
   \   00006A   12....       LCALL   ??SampleApp_HandleKeys?relay
   \   00006D   80C0         SJMP    ??SampleApp_ProcessEvent_4
   \                     ??SampleApp_ProcessEvent_6:
   \   00006F                ; Setup parameters for call to function SampleApp_MessageMSGCB
   \   00006F   EE           MOV     A,R6
   \   000070   FA           MOV     R2,A
   \   000071   EF           MOV     A,R7
   \   000072   FB           MOV     R3,A
   \   000073   12....       LCALL   ??SampleApp_MessageMSGCB?relay
   \   000076   80B7         SJMP    ??SampleApp_ProcessEvent_4
    361              }
    362              
    363              // return unprocessed events
    364              return (events ^ SYS_EVENT_MSG);
   \                     ??SampleApp_ProcessEvent_5:
   \   000078   AA..         MOV     R2,?V0 + 0
   \   00007A   E5..         MOV     A,?V0 + 1
   \   00007C   6480         XRL     A,#0x80
   \   00007E   FB           MOV     R3,A
   \   00007F   8004         SJMP    ??SampleApp_ProcessEvent_8
    365            }
    366            
    367           /* 
    368            if ( events & USER_EVT )//由于定义了p2p的目的节点为协调器，所以此处设置的是锚节点发送数据,使用自定义函数
    369            {
    370              // Send the periodic message
    371              SampleApp_P2P_SendMessage();
    372              osal_start_timerEx(SampleApp_TaskID, USER_EVT, 5000);
    373              
    374              // return unprocessed events
    375              return (events ^ USER_EVT);
    376            }
    377            */
    378            // Discard unknown events
    379            return 0;
   \                     ??SampleApp_ProcessEvent_0:
   \   000081   7A00         MOV     R2,#0x0
   \   000083   7B00         MOV     R3,#0x0
   \                     ??SampleApp_ProcessEvent_8:
   \   000085   7F04         MOV     R7,#0x4
   \   000087   02....       LJMP    ?BANKED_LEAVE_XDATA
    380          }
    381          
    382          /*********************************************************************
    383          * Event Generation Functions
    384          */
    385          /*********************************************************************
    386          * @fn      SampleApp_HandleKeys
    387          *
    388          * @brief   Handles all key events for this device.
    389          *
    390          * @param   shift - true if in shift/alt.
    391          * @param   keys - bit field for key events. Valid entries:
    392          *                 HAL_KEY_SW_2
    393          *                 HAL_KEY_SW_1
    394          *
    395          * @return  none
    396          */

   \                                 In  segment BANKED_CODE, align 1, keep-with-next
    397          void SampleApp_HandleKeys( uint8 shift, uint8 keys )
   \                     SampleApp_HandleKeys:
    398          {
   \   000000   74F6         MOV     A,#-0xa
   \   000002   12....       LCALL   ?BANKED_ENTER_XDATA
   \   000005                ; Saved register size: 10
   \   000005                ; Auto size: 0
   \   000005   EA           MOV     A,R2
    399            (void)shift;  // Intentionally unreferenced parameter
    400            
    401            if ( keys & HAL_KEY_SW_1 )
    402            {
    403              /* This key sends the Flash Command is sent to Group 1.
    404              * This device will not receive the Flash Command from this
    405              * device (even if it belongs to group 1).
    406              */
    407              //SampleApp_SendFlashMessage( SAMPLEAPP_FLASH_DURATION );
    408            }
    409            
    410            if ( keys & HAL_KEY_SW_2 )
   \   000006   A2E1         MOV     C,0xE0 /* A   */.1
   \   000008   5024         JNC     ??SampleApp_HandleKeys_0
    411            {
    412              /* The Flashr Command is sent to Group 1.
    413              * This key toggles this device in and out of group 1.
    414              * If this device doesn't belong to group 1, this application
    415              * will not receive the Flash command sent to group 1.
    416              */
    417              aps_Group_t *grp;
    418              grp = aps_FindGroup( SAMPLEAPP_ENDPOINT, SAMPLEAPP_FLASH_GROUP );
    419              if ( grp )
   \   00000A                ; Setup parameters for call to function aps_FindGroup
   \   00000A   7A01         MOV     R2,#0x1
   \   00000C   7B00         MOV     R3,#0x0
   \   00000E   7914         MOV     R1,#0x14
   \   000010   12....       LCALL   ??aps_FindGroup?relay
   \   000013   8B..         MOV     ?V0 + 1,R3
   \   000015   EA           MOV     A,R2
   \   000016   45..         ORL     A,?V0 + 1
   \   000018   600B         JZ      ??SampleApp_HandleKeys_1
    420              {
    421                // Remove from the group
    422                aps_RemoveGroup( SAMPLEAPP_ENDPOINT, SAMPLEAPP_FLASH_GROUP );
   \   00001A                ; Setup parameters for call to function aps_RemoveGroup
   \   00001A   7A01         MOV     R2,#0x1
   \   00001C   7B00         MOV     R3,#0x0
   \   00001E   7914         MOV     R1,#0x14
   \   000020   12....       LCALL   ??aps_RemoveGroup?relay
   \   000023   8009         SJMP    ??SampleApp_HandleKeys_0
    423              }
    424              else
    425              {
    426                // Add to the flash group
    427                aps_AddGroup( SAMPLEAPP_ENDPOINT, &SampleApp_Group );
   \                     ??SampleApp_HandleKeys_1:
   \   000025                ; Setup parameters for call to function aps_AddGroup
   \   000025   7A..         MOV     R2,#SampleApp_Group & 0xff
   \   000027   7B..         MOV     R3,#(SampleApp_Group >> 8) & 0xff
   \   000029   7914         MOV     R1,#0x14
   \   00002B   12....       LCALL   ??aps_AddGroup?relay
    428              }
    429            }
    430          }
   \                     ??SampleApp_HandleKeys_0:
   \   00002E                REQUIRE ?Subroutine0
   \   00002E                ; // Fall through to label ?Subroutine0

   \                                 In  segment BANKED_CODE, align 1, keep-with-next
   \                     ?Subroutine0:
   \   000000   7F02         MOV     R7,#0x2
   \   000002   02....       LJMP    ?BANKED_LEAVE_XDATA
    431          
    432          /*********************************************************************
    433          * LOCAL FUNCTIONS
    434          */
    435          
    436          /*********************************************************************
    437          * @fn      SampleApp_MessageMSGCB
    438          *
    439          * @brief   Data message processor callback.  This function processes
    440          *          any incoming data - probably from other devices.  So, based
    441          *          on cluster ID, perform the intended action.
    442          *
    443          * @param   none
    444          *
    445          * @return  none
    446          */

   \                                 In  segment BANKED_CODE, align 1, keep-with-next
    447          void SampleApp_MessageMSGCB( afIncomingMSGPacket_t *pkt )//在本函数中应该对接收到的盲节点的RSSI值信息处理
   \                     SampleApp_MessageMSGCB:
    448          {
   \   000000   74F1         MOV     A,#-0xf
   \   000002   12....       LCALL   ?BANKED_ENTER_XDATA
   \   000005                ; Saved register size: 15
   \   000005                ; Auto size: 512
   \   000005   758200       MOV     DPL,#0x0
   \   000008   7583FE       MOV     DPH,#-0x2
   \   00000B   12....       LCALL   ?ADD_XSTACK_DISP0_16
    449            switch ( pkt->clusterId )
   \   00000E   8A82         MOV     DPL,R2
   \   000010   8B83         MOV     DPH,R3
   \   000012   A3           INC     DPTR
   \   000013   A3           INC     DPTR
   \   000014   A3           INC     DPTR
   \   000015   A3           INC     DPTR
   \   000016   E0           MOVX    A,@DPTR
   \   000017   6408         XRL     A,#0x8
   \   000019   7002         JNZ     ??SampleApp_MessageMSGCB_0
   \   00001B   A3           INC     DPTR
   \   00001C   E0           MOVX    A,@DPTR
   \                     ??SampleApp_MessageMSGCB_0:
   \   00001D   6003         JZ      $+5
   \   00001F   02....       LJMP    ??SampleApp_MessageMSGCB_1 & 0xFFFF
   \   000022   EA           MOV     A,R2
   \   000023   2418         ADD     A,#0x18
   \   000025   F582         MOV     DPL,A
   \   000027   EB           MOV     A,R3
   \   000028   3400         ADDC    A,#0x0
   \   00002A   F583         MOV     DPH,A
   \   00002C   E0           MOVX    A,@DPTR
   \   00002D   F4           CPL     A
   \   00002E   04           INC     A
   \   00002F   FA           MOV     R2,A
   \   000030   90....       MOV     DPTR,#rssi_index
   \   000033   E0           MOVX    A,@DPTR
   \   000034   12....       LCALL   ?Subroutine1 & 0xFFFF
    450            {
    451              //本句确定只有在路由器中才编译此函数，协调器不编译
    452            case SAMPLEAPP_BLIND_CLUSTERID://说明是盲节点发送来的数据，只有参考节点接收盲节点的信息
    453              //    SamplaAPP_ProcessBlindData(pkt );
    454             
    455          //  HalUARTWrite(0, pkt->cmd.Data, pkt->cmd.DataLength);   
    456              rssi_val[rssi_index++] = ((~pkt->rssi)+1); //得到rssi的值，并保存   
    457              
    458              uint8 i; 
    459            uint16 val = 0;
   \                     ??CrossCallReturnLabel_0:
   \   000037   7C00         MOV     R4,#0x0
   \   000039   7D00         MOV     R5,#0x0
    460            uint16 variance = 0, variance_temp = 0;
    461            uint16 expectation = 0;
    462            
    463            rssi_val[rssi_index++] = ((~pkt->rssi)+1); //得到rssi的值，并保存      
   \   00003B   12....       LCALL   ?Subroutine1 & 0xFFFF
    464            if(rssi_index == 20)
   \                     ??CrossCallReturnLabel_1:
   \   00003E   6414         XRL     A,#0x14
   \   000040   6003         JZ      $+5
   \   000042   02....       LJMP    ??SampleApp_MessageMSGCB_2 & 0xFFFF
    465              {
    466                uint16 hashTable[256] = { 0 };
   \   000045   85..82       MOV     DPL,?XSP + 0
   \   000048   85..83       MOV     DPH,?XSP + 1
   \   00004B   AC82         MOV     R4,DPL
   \   00004D   AD83         MOV     R5,DPH
   \   00004F   7583..       MOV     DPH,#(`?<Constant {0}>` >> 8) & 0xff
   \   000052   7582..       MOV     DPL,#`?<Constant {0}>` & 0xff
   \   000055   7400         MOV     A,#0x200
   \   000057   7B03         MOV     R3,#0x3
   \   000059   12....       LCALL   ?MOVE_LONG16_XDATA_XDATA
    467                uint16 accumuate = 0;
   \   00005C   FA           MOV     R2,A
   \   00005D   FB           MOV     R3,A
    468                
    469                uint16 continuous_1 = 0;
   \   00005E   F8           MOV     R0,A
   \   00005F   F9           MOV     R1,A
    470                uint16 continuous_0 = 0;
   \   000060   F5..         MOV     ?V0 + 2,A
   \   000062   F5..         MOV     ?V0 + 3,A
    471                
    472                uint16 current_most_1 = 0;
   \   000064   FE           MOV     R6,A
   \   000065   FF           MOV     R7,A
    473                uint16 current_most_accumuate = 0;
   \   000066   F5..         MOV     ?V0 + 0,A
   \   000068   F5..         MOV     ?V0 + 1,A
    474                
    475                uint8 i = 0;
   \   00006A   F5..         MOV     ?V0 + 6,A
    476                
    477                for (i; i < 20; i++)
                            ^
Warning[Pe174]: expression has no effect
    478                {
    479                  ++hashTable[-rssi_val[i]];
   \                     ??SampleApp_MessageMSGCB_3:
   \   00006C   85....       MOV     ?V0 + 4,?V0 + 6
   \   00006F   74..         MOV     A,#rssi_val & 0xff
   \   000071   25..         ADD     A,?V0 + 4
   \   000073   F582         MOV     DPL,A
   \   000075   74..         MOV     A,#(rssi_val >> 8) & 0xff
   \   000077   3400         ADDC    A,#0x0
   \   000079   F583         MOV     DPH,A
   \   00007B   E0           MOVX    A,@DPTR
   \   00007C   FC           MOV     R4,A
   \   00007D   C3           CLR     C
   \   00007E   E4           CLR     A
   \   00007F   9C           SUBB    A,R4
   \   000080   FC           MOV     R4,A
   \   000081   95E0         SUBB    A,0xE0 /* A   */
   \   000083   FD           MOV     R5,A
   \   000084   EC           MOV     A,R4
   \   000085   C3           CLR     C
   \   000086   33           RLC     A
   \   000087   FC           MOV     R4,A
   \   000088   ED           MOV     A,R5
   \   000089   12....       LCALL   ?Subroutine2 & 0xFFFF
    480                }
   \                     ??CrossCallReturnLabel_2:
   \   00008C   2401         ADD     A,#0x1
   \   00008E   F0           MOVX    @DPTR,A
   \   00008F   A3           INC     DPTR
   \   000090   E0           MOVX    A,@DPTR
   \   000091   3400         ADDC    A,#0x0
   \   000093   F0           MOVX    @DPTR,A
   \   000094   05..         INC     ?V0 + 6
   \   000096   E5..         MOV     A,?V0 + 6
   \   000098   C3           CLR     C
   \   000099   9414         SUBB    A,#0x14
   \   00009B   40CF         JC      ??SampleApp_MessageMSGCB_3
    481                
    482                for (i = 0; i < 256; i++)
                                     ^
Warning[Pa084]: pointless integer comparison, the result is always true

      uint8 i; 
            ^
"C:\Users\Administrator\Desktop\Location\ROUTER\Projects\zstack\Samples\SampleApp\Source\SampleApp.c",458  Warning[Pe177]: 
          variable "i" was declared but never referenced

    uint16 variance = 0, variance_temp = 0;
           ^
"C:\Users\Administrator\Desktop\Location\ROUTER\Projects\zstack\Samples\SampleApp\Source\SampleApp.c",460  Warning[Pe177]: 
          variable "variance" was declared but never referenced

    uint16 variance = 0, variance_temp = 0;
                         ^
"C:\Users\Administrator\Desktop\Location\ROUTER\Projects\zstack\Samples\SampleApp\Source\SampleApp.c",460  Warning[Pe177]: 
          variable "variance_temp" was declared but never referenced

    uint16 expectation = 0;
           ^
"C:\Users\Administrator\Desktop\Location\ROUTER\Projects\zstack\Samples\SampleApp\Source\SampleApp.c",461  Warning[Pe177]: 
          variable "expectation" was declared but never referenced
   \   00009D   88..         MOV     ?V0 + 6,R0
    483                {
    484                  if (hashTable[i])
   \                     ??SampleApp_MessageMSGCB_4:
   \   00009F   E5..         MOV     A,?V0 + 6
   \   0000A1   C3           CLR     C
   \   0000A2   33           RLC     A
   \   0000A3   FC           MOV     R4,A
   \   0000A4   E4           CLR     A
   \   0000A5   12....       LCALL   ?Subroutine2 & 0xFFFF
   \                     ??CrossCallReturnLabel_3:
   \   0000A8   FC           MOV     R4,A
   \   0000A9   A3           INC     DPTR
   \   0000AA   E0           MOVX    A,@DPTR
   \   0000AB   FD           MOV     R5,A
   \   0000AC   EC           MOV     A,R4
   \   0000AD   4D           ORL     A,R5
   \   0000AE   6015         JZ      ??SampleApp_MessageMSGCB_5
    485                  {
    486                    ++continuous_1;
   \   0000B0   E8           MOV     A,R0
   \   0000B1   2401         ADD     A,#0x1
   \   0000B3   08           INC     R0
   \   0000B4   E9           MOV     A,R1
   \   0000B5   3400         ADDC    A,#0x0
   \   0000B7   F9           MOV     R1,A
    487                    accumuate += i;
   \   0000B8   85....       MOV     ?V0 + 4,?V0 + 6
   \   0000BB   EA           MOV     A,R2
   \   0000BC   25..         ADD     A,?V0 + 4
   \   0000BE   FA           MOV     R2,A
   \   0000BF   EB           MOV     A,R3
   \   0000C0   3400         ADDC    A,#0x0
   \   0000C2   FB           MOV     R3,A
   \   0000C3   800C         SJMP    ??SampleApp_MessageMSGCB_6
    488                  }
    489                  else
    490                    ++continuous_0;
   \                     ??SampleApp_MessageMSGCB_5:
   \   0000C5   E5..         MOV     A,?V0 + 2
   \   0000C7   2401         ADD     A,#0x1
   \   0000C9   F5..         MOV     ?V0 + 2,A
   \   0000CB   E5..         MOV     A,?V0 + 3
   \   0000CD   3400         ADDC    A,#0x0
   \   0000CF   F5..         MOV     ?V0 + 3,A
    491                  
    492                  if (continuous_1 > 11)
   \                     ??SampleApp_MessageMSGCB_6:
   \   0000D1   C3           CLR     C
   \   0000D2   E8           MOV     A,R0
   \   0000D3   940C         SUBB    A,#0xc
   \   0000D5   E9           MOV     A,R1
   \   0000D6   9400         SUBB    A,#0x0
   \   0000D8   400A         JC      ??SampleApp_MessageMSGCB_7
    493                  {
    494                    val = accumuate / 12;
   \   0000DA   EA           MOV     A,R2
   \   0000DB   F8           MOV     R0,A
   \   0000DC   EB           MOV     A,R3
   \   0000DD   F9           MOV     R1,A
   \   0000DE   7A0C         MOV     R2,#0xc
   \   0000E0   7B00         MOV     R3,#0x0
   \   0000E2   8043         SJMP    ??SampleApp_MessageMSGCB_8
    495                    goto MARK;
    496                  }
    497                  
    498                  if ((continuous_1 << 1) < continuous_0)
   \                     ??SampleApp_MessageMSGCB_7:
   \   0000E4   E8           MOV     A,R0
   \   0000E5   FC           MOV     R4,A
   \   0000E6   E9           MOV     A,R1
   \   0000E7   FD           MOV     R5,A
   \   0000E8   EC           MOV     A,R4
   \   0000E9   C3           CLR     C
   \   0000EA   33           RLC     A
   \   0000EB   FC           MOV     R4,A
   \   0000EC   ED           MOV     A,R5
   \   0000ED   33           RLC     A
   \   0000EE   FD           MOV     R5,A
   \   0000EF   C3           CLR     C
   \   0000F0   EC           MOV     A,R4
   \   0000F1   95..         SUBB    A,?V0 + 2
   \   0000F3   ED           MOV     A,R5
   \   0000F4   95..         SUBB    A,?V0 + 3
   \   0000F6   501B         JNC     ??SampleApp_MessageMSGCB_9
    499                  {
    500                    if (current_most_1 < continuous_1)
   \   0000F8   C3           CLR     C
   \   0000F9   EE           MOV     A,R6
   \   0000FA   98           SUBB    A,R0
   \   0000FB   EF           MOV     A,R7
   \   0000FC   99           SUBB    A,R1
   \   0000FD   5008         JNC     ??SampleApp_MessageMSGCB_10
    501                    {
    502                      current_most_1 = continuous_1;
   \   0000FF   E8           MOV     A,R0
   \   000100   FE           MOV     R6,A
   \   000101   E9           MOV     A,R1
   \   000102   FF           MOV     R7,A
    503                      current_most_accumuate = accumuate;
   \   000103   8A..         MOV     ?V0 + 0,R2
   \   000105   8B..         MOV     ?V0 + 1,R3
    504                    }
    505                    
    506                    accumuate = 0;
   \                     ??SampleApp_MessageMSGCB_10:
   \   000107   7A00         MOV     R2,#0x0
   \   000109   7B00         MOV     R3,#0x0
    507                    continuous_1 = 0;
   \   00010B   7800         MOV     R0,#0x0
   \   00010D   7900         MOV     R1,#0x0
    508                    continuous_0 = 0;
   \   00010F   88..         MOV     ?V0 + 2,R0
   \   000111   88..         MOV     ?V0 + 3,R0
    509                  }
    510                }
   \                     ??SampleApp_MessageMSGCB_9:
   \   000113   05..         INC     ?V0 + 6
   \   000115   C3           CLR     C
   \   000116   E4           CLR     A
   \   000117   9401         SUBB    A,#0x1
   \   000119   C3           CLR     C
   \   00011A   65D0         XRL     A,PSW
   \   00011C   33           RLC     A
   \   00011D   4080         JC      ??SampleApp_MessageMSGCB_4
    511                
    512                val = current_most_accumuate / current_most_1;
   \   00011F   A8..         MOV     R0,?V0 + 0
   \   000121   A9..         MOV     R1,?V0 + 1
   \   000123   EE           MOV     A,R6
   \   000124   FA           MOV     R2,A
   \   000125   EF           MOV     A,R7
   \   000126   FB           MOV     R3,A
   \                     ??SampleApp_MessageMSGCB_8:
   \   000127   12....       LCALL   ?US_DIV_MOD
   \   00012A   88..         MOV     ?V0 + 0,R0
   \   00012C   89..         MOV     ?V0 + 1,R1
   \   00012E   AC..         MOV     R4,?V0 + 0
   \   000130   AD..         MOV     R5,?V0 + 1
    513              MARK: ;
    514              }
    515          
    516                
    517                //      rssi_s[0] ='A';
    518                rssi_s[0] = val/100+0x30;//ASCII编码 0x30对应的是数字 0。这里加上这个数就是要显示数字字符
   \                     ??SampleApp_MessageMSGCB_2:
   \   000132   EC           MOV     A,R4
   \   000133   F8           MOV     R0,A
   \   000134   ED           MOV     A,R5
   \   000135   F9           MOV     R1,A
   \   000136   7A64         MOV     R2,#0x64
   \   000138   7B00         MOV     R3,#0x0
   \   00013A   12....       LCALL   ?US_DIV_MOD
   \   00013D   E8           MOV     A,R0
   \   00013E   2430         ADD     A,#0x30
   \   000140   90....       MOV     DPTR,#rssi_s
   \   000143   F0           MOVX    @DPTR,A
    519                rssi_s[1] = val%100/10+0x30;
   \   000144   EC           MOV     A,R4
   \   000145   F8           MOV     R0,A
   \   000146   ED           MOV     A,R5
   \   000147   F9           MOV     R1,A
   \   000148   7A64         MOV     R2,#0x64
   \   00014A   7B00         MOV     R3,#0x0
   \   00014C   12....       LCALL   ?US_DIV_MOD
   \   00014F   EA           MOV     A,R2
   \   000150   F8           MOV     R0,A
   \   000151   EB           MOV     A,R3
   \   000152   F9           MOV     R1,A
   \   000153   7A0A         MOV     R2,#0xa
   \   000155   7B00         MOV     R3,#0x0
   \   000157   12....       LCALL   ?US_DIV_MOD
   \   00015A   E8           MOV     A,R0
   \   00015B   2430         ADD     A,#0x30
   \   00015D   A3           INC     DPTR
   \   00015E   F0           MOVX    @DPTR,A
    520                rssi_s[2] = val%10+0x30;//以上三句分别代表得到：米，分米，厘米      
   \   00015F   EC           MOV     A,R4
   \   000160   F8           MOV     R0,A
   \   000161   ED           MOV     A,R5
   \   000162   F9           MOV     R1,A
   \   000163   7A0A         MOV     R2,#0xa
   \   000165   7B00         MOV     R3,#0x0
   \   000167   12....       LCALL   ?US_DIV_MOD
   \   00016A   EA           MOV     A,R2
   \   00016B   2430         ADD     A,#0x30
   \   00016D   A3           INC     DPTR
   \   00016E   F0           MOVX    @DPTR,A
    521          
    522                SampleApp_P2P_SendMessage();
   \   00016F                ; Setup parameters for call to function SampleApp_P2P_SendMessage
   \   00016F   12....       LCALL   ??SampleApp_P2P_SendMessage?relay
    523                rssi_index = 0;//每收到十次RSSI值计算一次需要的RSSI均值
   \   000172   90....       MOV     DPTR,#rssi_index
   \   000175   E4           CLR     A
   \   000176   F0           MOVX    @DPTR,A
    524          
    525                   break; 
    526              }
    527          
    528           
    529          }
   \                     ??SampleApp_MessageMSGCB_1:
   \   000177   758200       MOV     DPL,#0x0
   \   00017A   758302       MOV     DPH,#0x2
   \   00017D   12....       LCALL   ?ADD_XSTACK_DISP0_16
   \   000180   7F07         MOV     R7,#0x7
   \   000182   02....       LJMP    ?BANKED_LEAVE_XDATA

   \                                 In  segment BANKED_CODE, align 1, keep-with-next
   \                     ?Subroutine2:
   \   000000   33           RLC     A
   \   000001   FD           MOV     R5,A
   \   000002   85..82       MOV     DPL,?XSP + 0
   \   000005   85..83       MOV     DPH,?XSP + 1
   \   000008   E582         MOV     A,DPL
   \   00000A   2C           ADD     A,R4
   \   00000B   F582         MOV     DPL,A
   \   00000D   E583         MOV     A,DPH
   \   00000F   3D           ADDC    A,R5
   \   000010   F583         MOV     DPH,A
   \   000012   E0           MOVX    A,@DPTR
   \   000013   22           RET

   \                                 In  segment BANKED_CODE, align 1, keep-with-next
   \                     ?Subroutine1:
   \   000000   F8           MOV     R0,A
   \   000001   74..         MOV     A,#rssi_val & 0xff
   \   000003   28           ADD     A,R0
   \   000004   F582         MOV     DPL,A
   \   000006   74..         MOV     A,#(rssi_val >> 8) & 0xff
   \   000008   3400         ADDC    A,#0x0
   \   00000A   F583         MOV     DPH,A
   \   00000C   EA           MOV     A,R2
   \   00000D   F0           MOVX    @DPTR,A
   \   00000E   90....       MOV     DPTR,#rssi_index
   \   000011   E0           MOVX    A,@DPTR
   \   000012   04           INC     A
   \   000013   F0           MOVX    @DPTR,A
   \   000014   22           RET
    530          
    531          
    532          /*********************************************************************
    533          *********************************************************************/

   \                                 In  segment BANKED_CODE, align 1, keep-with-next
    534          static void UART_CallBackFunction(uint8 port, uint8 event)
   \                     UART_CallBackFunction:
    535          {
   \   000000   C082         PUSH    DPL
   \   000002   C083         PUSH    DPH
   \   000004                ; Saved register size: 2
   \   000004                ; Auto size: 0
    536            uint8 RX_Flag = 0;
    537            RX_Length = 0;//接收字符串长度
   \   000004   90....       MOV     DPTR,#RX_Length
   \   000007   E4           CLR     A
   \   000008   F0           MOVX    @DPTR,A
    538            RX_Flag = RX_Length = Hal_UART_RxBufLen(MY_DEFINI_UART_PORT);// 接收到的字符串长度
   \   000009                ; Setup parameters for call to function Hal_UART_RxBufLen
   \   000009   F9           MOV     R1,A
   \   00000A   12....       LCALL   ??Hal_UART_RxBufLen?relay
   \   00000D   EA           MOV     A,R2
   \   00000E   90....       MOV     DPTR,#RX_Length
   \   000011   F0           MOVX    @DPTR,A
    539            
    540            if(RX_Flag != 0)// 有数据存在
   \   000012   601C         JZ      ??UART_CallBackFunction_0
    541            {
    542              //读取串口数据
    543              HalUARTRead(MY_DEFINI_UART_PORT,RX_BUFFER,RX_Length);
   \   000014                ; Setup parameters for call to function HalUARTRead
   \   000014   FC           MOV     R4,A
   \   000015   7D00         MOV     R5,#0x0
   \   000017   7A..         MOV     R2,#RX_BUFFER & 0xff
   \   000019   7B..         MOV     R3,#(RX_BUFFER >> 8) & 0xff
   \   00001B   7900         MOV     R1,#0x0
   \   00001D   12....       LCALL   ??HalUARTRead?relay
    544              {
    545                //将数据发回给电脑，使用hal_uart.h的接口函数
    546                HalUARTWrite(MY_DEFINI_UART_PORT,RX_BUFFER,RX_Length);
   \   000020                ; Setup parameters for call to function HalUARTWrite
   \   000020   90....       MOV     DPTR,#RX_Length
   \   000023   E0           MOVX    A,@DPTR
   \   000024   FC           MOV     R4,A
   \   000025   7D00         MOV     R5,#0x0
   \   000027   7A..         MOV     R2,#RX_BUFFER & 0xff
   \   000029   7B..         MOV     R3,#(RX_BUFFER >> 8) & 0xff
   \   00002B   7900         MOV     R1,#0x0
   \   00002D   12....       LCALL   ??HalUARTWrite?relay
    547              }
    548            }
    549            
    550          }
   \                     ??UART_CallBackFunction_0:
   \   000030   D083         POP     DPH
   \   000032   D082         POP     DPL
   \   000034   02....       LJMP    ?BRET
    551          
    552          
    553          
    554          /*
    555          本函数是参考节点处理盲节点的数据处理函数，在本函数中应该得到锚节点与盲节点之间的距离，
    556          然后锚节点在发送数据的时候，将这个距离值也发送出去
    557          */
    558          
    559          
    560          
    561          /*********************************************************************
    562          * @fn      SampleApp_P2P_SendMessage
    563          *
    564          * @brief   point to point.
    565          *
    566          * @param   none
    567          *
    568          * @return  none
    569          在每个路由器或终端节点发送数据时，通过标定AF_DataRequest中的簇ID，就可以简单的
    570          将设备进行分类，即通过设置不同的ID来标定不同的设备，然后在协调器端，通过对接收到
    571          的消息的簇ID，来鉴别出是哪个设备发送来的数据
    572          */

   \                                 In  segment BANKED_CODE, align 1, keep-with-next
    573          void SampleApp_P2P_SendMessage( void )
   \                     SampleApp_P2P_SendMessage:
    574          //后期参考节点在发送数据的时候，必须发送的是参考节点与盲节点之间的距离值
    575          {
   \   000000   74F6         MOV     A,#-0xa
   \   000002   12....       LCALL   ?BANKED_ENTER_XDATA
   \   000005                ; Saved register size: 10
   \   000005                ; Auto size: 0
    576            
    577            /*AF在发送数据的时候是非常有针对性的，其第一个参数是发送目的地的地址之类的参数，在SampleApp_Init初始化的时候就定义了。
    578            然后就是设备描述符（系统默认就好），在SampleApp_Init也定义了。第三个参数本例使用自定义的p2p名字，作用是让接收函数（协调器）
    579            明确知道此类消息是那种类型（广播、组播、点播还是自定义的p2p）。
    580            所以一定要明确，在数据发送的时候，已经进行了很多的规定，以免造成接收端任务的麻烦  
    581            */
    582            
    583          
    584          
    585            
    586            if ( AF_DataRequest( &SampleApp_p2p_DstAddr, //发送目的地址+端点地址+传送模式
    587                                &SampleApp_epDesc,//源（答复或确认）终端的描述，即设备描述符
    588                                SAMPLEAPP_ROUT_ANODE_CLUSTERID,//已经定义（系统或自定义）的簇的ID，用来表示发送的数据标识，让接收函数可以用来分类
    589                                3,//发送数据的长度
    590                                rssi_s,//发送数据缓冲区，即数据值
    591                                &SampleApp_TransID,//任务ID，系统会分配？
    592                                AF_DISCV_ROUTE,//有效位掩码的发送选项
    593                                AF_DEFAULT_RADIUS ) == afStatus_SUCCESS )//传送跳数，通常使用默认值
   \   000005                ; Setup parameters for call to function AF_DataRequest
   \   000005   75..1E       MOV     ?V0 + 0,#0x1e
   \   000008   78..         MOV     R0,#?V0 + 0
   \   00000A   12....       LCALL   ?PUSH_XSTACK_I_ONE
   \   00000D   75....       MOV     ?V0 + 0,#SampleApp_TransID & 0xff
   \   000010   75....       MOV     ?V0 + 1,#(SampleApp_TransID >> 8) & 0xff
   \   000013   78..         MOV     R0,#?V0 + 0
   \   000015   12....       LCALL   ?PUSH_XSTACK_I_TWO
   \   000018   75....       MOV     ?V0 + 0,#rssi_s & 0xff
   \   00001B   75....       MOV     ?V0 + 1,#(rssi_s >> 8) & 0xff
   \   00001E   78..         MOV     R0,#?V0 + 0
   \   000020   12....       LCALL   ?PUSH_XSTACK_I_TWO
   \   000023   75..03       MOV     ?V0 + 0,#0x3
   \   000026   75..00       MOV     ?V0 + 1,#0x0
   \   000029   78..         MOV     R0,#?V0 + 0
   \   00002B   12....       LCALL   ?PUSH_XSTACK_I_TWO
   \   00002E   75..05       MOV     ?V0 + 0,#0x5
   \   000031   78..         MOV     R0,#?V0 + 0
   \   000033   12....       LCALL   ?PUSH_XSTACK_I_TWO
   \   000036   7920         MOV     R1,#0x20
   \   000038   7C..         MOV     R4,#SampleApp_epDesc & 0xff
   \   00003A   7D..         MOV     R5,#(SampleApp_epDesc >> 8) & 0xff
   \   00003C   7A..         MOV     R2,#SampleApp_p2p_DstAddr & 0xff
   \   00003E   7B..         MOV     R3,#(SampleApp_p2p_DstAddr >> 8) & 0xff
   \   000040   12....       LCALL   ??AF_DataRequest?relay
   \   000043   7409         MOV     A,#0x9
   \   000045   12....       LCALL   ?DEALLOC_XSTACK8
    594            {
    595            }
    596            else
    597            {
    598              // Error occurred in request to send.
    599            }
    600            
    601            
    602          
    603          }
   \   000048   02....       LJMP    ?Subroutine0 & 0xFFFF

   \                                 In  segment BANK_RELAYS, align 1
   \                     ??SampleApp_Init?relay:
   \   000000   12....       LCALL   ?BDISPATCH
   \   000003   ......       DC24    SampleApp_Init

   \                                 In  segment BANK_RELAYS, align 1
   \                     ??SampleApp_ProcessEvent?relay:
   \   000000   12....       LCALL   ?BDISPATCH
   \   000003   ......       DC24    SampleApp_ProcessEvent

   \                                 In  segment BANK_RELAYS, align 1
   \                     ??SampleApp_HandleKeys?relay:
   \   000000   12....       LCALL   ?BDISPATCH
   \   000003   ......       DC24    SampleApp_HandleKeys

   \                                 In  segment BANK_RELAYS, align 1
   \                     ??SampleApp_MessageMSGCB?relay:
   \   000000   12....       LCALL   ?BDISPATCH
   \   000003   ......       DC24    SampleApp_MessageMSGCB

   \                                 In  segment BANK_RELAYS, align 1
   \                     ??UART_CallBackFunction?relay:
   \   000000   12....       LCALL   ?BDISPATCH
   \   000003   ......       DC24    UART_CallBackFunction

   \                                 In  segment BANK_RELAYS, align 1
   \                     ??SampleApp_P2P_SendMessage?relay:
   \   000000   12....       LCALL   ?BDISPATCH
   \   000003   ......       DC24    SampleApp_P2P_SendMessage

   \                                 In  segment XDATA_ROM_C, align 1
   \                     `?<Constant "Group 1">`:
   \   000000   47726F75     DB "Group 1"
   \            70203100

   \                                 In  segment XDATA_ROM_C, align 1
   \                     `?<Constant "SampleApp">`:
   \   000000   53616D70     DB "SampleApp"
   \            6C654170
   \            7000    

   \                                 In  segment XDATA_ROM_C, align 1
   \                     `?<Constant {0}>`:
   \   000000   0000         DW 0
   \   000002   00000000     DB 0, 0, 0, 0, 0, 0, 0, 0
   \            00000000
   \   00000A   00000000     DB 0, 0, 0, 0, 0, 0, 0, 0
   \            00000000
   \   000012   00000000     DB 0, 0, 0, 0, 0, 0, 0, 0
   \            00000000
   \   00001A   00000000     DB 0, 0, 0, 0, 0, 0, 0, 0
   \            00000000
   \   000022   00000000     DB 0, 0, 0, 0, 0, 0, 0, 0
   \            00000000
   \   00002A   00000000     DB 0, 0, 0, 0, 0, 0, 0, 0
   \            00000000
   \   000032   00000000     DB 0, 0, 0, 0, 0, 0, 0, 0
   \            00000000
   \   00003A   00000000     DB 0, 0, 0, 0, 0, 0, 0, 0
   \            00000000
   \   000042   00000000     DB 0, 0, 0, 0, 0, 0, 0, 0
   \            00000000
   \   00004A   00000000     DB 0, 0, 0, 0, 0, 0, 0, 0
   \            00000000
   \   000052   00000000     DB 0, 0, 0, 0, 0, 0, 0, 0
   \            00000000
   \   00005A   00000000     DB 0, 0, 0, 0, 0, 0, 0, 0
   \            00000000
   \   000062   00000000     DB 0, 0, 0, 0, 0, 0, 0, 0
   \            00000000
   \   00006A   00000000     DB 0, 0, 0, 0, 0, 0, 0, 0
   \            00000000
   \   000072   00000000     DB 0, 0, 0, 0, 0, 0, 0, 0
   \            00000000
   \   00007A   00000000     DB 0, 0, 0, 0, 0, 0, 0, 0
   \            00000000
   \   000082   00000000     DB 0, 0, 0, 0, 0, 0, 0, 0
   \            00000000
   \   00008A   00000000     DB 0, 0, 0, 0, 0, 0, 0, 0
   \            00000000
   \   000092   00000000     DB 0, 0, 0, 0, 0, 0, 0, 0
   \            00000000
   \   00009A   00000000     DB 0, 0, 0, 0, 0, 0, 0, 0
   \            00000000
   \   0000A2   00000000     DB 0, 0, 0, 0, 0, 0, 0, 0
   \            00000000
   \   0000AA   00000000     DB 0, 0, 0, 0, 0, 0, 0, 0
   \            00000000
   \   0000B2   00000000     DB 0, 0, 0, 0, 0, 0, 0, 0
   \            00000000
   \   0000BA   00000000     DB 0, 0, 0, 0, 0, 0, 0, 0
   \            00000000
   \   0000C2   00000000     DB 0, 0, 0, 0, 0, 0, 0, 0
   \            00000000
   \   0000CA   00000000     DB 0, 0, 0, 0, 0, 0, 0, 0
   \            00000000
   \   0000D2   00000000     DB 0, 0, 0, 0, 0, 0, 0, 0
   \            00000000
   \   0000DA   00000000     DB 0, 0, 0, 0, 0, 0, 0, 0
   \            00000000
   \   0000E2   00000000     DB 0, 0, 0, 0, 0, 0, 0, 0
   \            00000000
   \   0000EA   00000000     DB 0, 0, 0, 0, 0, 0, 0, 0
   \            00000000
   \   0000F2   00000000     DB 0, 0, 0, 0, 0, 0, 0, 0
   \            00000000
   \   0000FA   00000000     DB 0, 0, 0, 0, 0, 0, 0, 0
   \            00000000
   \   000102   00000000     DB 0, 0, 0, 0, 0, 0, 0, 0
   \            00000000
   \   00010A   00000000     DB 0, 0, 0, 0, 0, 0, 0, 0
   \            00000000
   \   000112   00000000     DB 0, 0, 0, 0, 0, 0, 0, 0
   \            00000000
   \   00011A   00000000     DB 0, 0, 0, 0, 0, 0, 0, 0
   \            00000000
   \   000122   00000000     DB 0, 0, 0, 0, 0, 0, 0, 0
   \            00000000
   \   00012A   00000000     DB 0, 0, 0, 0, 0, 0, 0, 0
   \            00000000
   \   000132   00000000     DB 0, 0, 0, 0, 0, 0, 0, 0
   \            00000000
   \   00013A   00000000     DB 0, 0, 0, 0, 0, 0, 0, 0
   \            00000000
   \   000142   00000000     DB 0, 0, 0, 0, 0, 0, 0, 0
   \            00000000
   \   00014A   00000000     DB 0, 0, 0, 0, 0, 0, 0, 0
   \            00000000
   \   000152   00000000     DB 0, 0, 0, 0, 0, 0, 0, 0
   \            00000000
   \   00015A   00000000     DB 0, 0, 0, 0, 0, 0, 0, 0
   \            00000000
   \   000162   00000000     DB 0, 0, 0, 0, 0, 0, 0, 0
   \            00000000
   \   00016A   00000000     DB 0, 0, 0, 0, 0, 0, 0, 0
   \            00000000
   \   000172   00000000     DB 0, 0, 0, 0, 0, 0, 0, 0
   \            00000000
   \   00017A   00000000     DB 0, 0, 0, 0, 0, 0, 0, 0
   \            00000000
   \   000182   00000000     DB 0, 0, 0, 0, 0, 0, 0, 0
   \            00000000
   \   00018A   00000000     DB 0, 0, 0, 0, 0, 0, 0, 0
   \            00000000
   \   000192   00000000     DB 0, 0, 0, 0, 0, 0, 0, 0
   \            00000000
   \   00019A   00000000     DB 0, 0, 0, 0, 0, 0, 0, 0
   \            00000000
   \   0001A2   00000000     DB 0, 0, 0, 0, 0, 0, 0, 0
   \            00000000
   \   0001AA   00000000     DB 0, 0, 0, 0, 0, 0, 0, 0
   \            00000000
   \   0001B2   00000000     DB 0, 0, 0, 0, 0, 0, 0, 0
   \            00000000
   \   0001BA   00000000     DB 0, 0, 0, 0, 0, 0, 0, 0
   \            00000000
   \   0001C2   00000000     DB 0, 0, 0, 0, 0, 0, 0, 0
   \            00000000
   \   0001CA   00000000     DB 0, 0, 0, 0, 0, 0, 0, 0
   \            00000000
   \   0001D2   00000000     DB 0, 0, 0, 0, 0, 0, 0, 0
   \            00000000
   \   0001DA   00000000     DB 0, 0, 0, 0, 0, 0, 0, 0
   \            00000000
   \   0001E2   00000000     DB 0, 0, 0, 0, 0, 0, 0, 0
   \            00000000
   \   0001EA   00000000     DB 0, 0, 0, 0, 0, 0, 0, 0
   \            00000000
   \   0001F2   00000000     DB 0, 0, 0, 0, 0, 0, 0, 0
   \            00000000
   \   0001FA   00000000     DB 0, 0, 0, 0, 0, 0
   \            0000    
    604          
    605          //

   Maximum stack usage in bytes:

     Function                       ISTACK PSTACK XSTACK
     --------                       ------ ------ ------
     SampleApp_HandleKeys               0      0     22
       -> aps_FindGroup                 0      0     20
       -> aps_RemoveGroup               0      0     20
       -> aps_AddGroup                  0      0     20
     SampleApp_Init                     0      0     43
       -> afRegister                    0      0     80
       -> RegisterForKeys               0      0     80
       -> osal_memcpy                   0      0     86
       -> aps_AddGroup                  0      0     80
       -> HalUARTOpen                   0      0     80
       -> HalLcdWriteString             0      0     80
     SampleApp_MessageMSGCB             2      0    539
       -> SampleApp_P2P_SendMessage     0      0   1054
     SampleApp_P2P_SendMessage          0      0    546
       -> AF_DataRequest                0      0     38
     SampleApp_ProcessEvent             0      0     12
       -> osal_msg_receive              0      0     24
       -> osal_start_timerEx            0      0     24
       -> osal_msg_deallocate           0      0     24
       -> osal_msg_receive              0      0     24
       -> SampleApp_HandleKeys          0      0     24
       -> SampleApp_MessageMSGCB        0      0     24
     UART_CallBackFunction              2      0      0
       -> Hal_UART_RxBufLen             4      0      0
       -> HalUARTRead                   4      0      0
       -> HalUARTWrite                  4      0      0


   Segment part sizes:

     Function/Label                    Bytes
     --------------                    -----
     RX_BUFFER                           20
     RX_Length                            1
     SampleApp_ClusterList                4
     SampleApp_SimpleDesc                12
     SampleApp_epDesc                     6
     SampleApp_TaskID                     1
     SampleApp_NwkState                   1
     SampleApp_TransID                    1
     SampleApp_Periodic_DstAddr          12
     SampleApp_Flash_DstAddr             12
     SampleApp_p2p_DstAddr               12
     SampleApp_Group                     18
     SampleAppPeriodicCounter             1
     SampleAppFlashCounter                1
     rssi_val                            10
     rssi_index                           1
     rssi_s                               3
     SampleApp_Init                     246
     SampleApp_ProcessEvent             138
     SampleApp_HandleKeys                46
     ?Subroutine0                         5
     SampleApp_MessageMSGCB             389
     ?Subroutine2                        20
     ?Subroutine1                        21
     UART_CallBackFunction               55
     SampleApp_P2P_SendMessage           75
     ??SampleApp_Init?relay               6
     ??SampleApp_ProcessEvent?relay       6
     ??SampleApp_HandleKeys?relay         6
     ??SampleApp_MessageMSGCB?relay       6
     ??UART_CallBackFunction?relay        6
     ??SampleApp_P2P_SendMessage?relay    6
     ?<Constant "Group 1">                8
     ?<Constant "SampleApp">             10
     ?<Constant {0}>                    512

 
 995 bytes in segment BANKED_CODE
  36 bytes in segment BANK_RELAYS
 546 bytes in segment XDATA_ROM_C
 100 bytes in segment XDATA_Z
 
 1 031 bytes of CODE  memory
   546 bytes of CONST memory
   100 bytes of XDATA memory

Errors: none
Warnings: 6
